-------------------------------------------------------------------------------
Test set: io.mehul.springTest.entity.EmployeeRepositoryTest
-------------------------------------------------------------------------------
Tests run: 1, Failures: 0, Errors: 1, Skipped: 0, Time elapsed: 3.222 s <<< FAILURE! - in io.mehul.springTest.entity.EmployeeRepositoryTest
whenFindByFirstName_thenReturnEmployee(io.mehul.springTest.entity.EmployeeRepositoryTest)  Time elapsed: 0.141 s  <<< ERROR!
javax.persistence.PersistenceException: org.hibernate.exception.ConstraintViolationException: could not execute statement
	at io.mehul.springTest.entity.EmployeeRepositoryTest.whenFindByFirstName_thenReturnEmployee(EmployeeRepositoryTest.java:33)
Caused by: org.hibernate.exception.ConstraintViolationException: could not execute statement
	at io.mehul.springTest.entity.EmployeeRepositoryTest.whenFindByFirstName_thenReturnEmployee(EmployeeRepositoryTest.java:33)
Caused by: org.h2.jdbc.JdbcSQLException: 
Unique index or primary key violation: "PRIMARY KEY ON PUBLIC.EMPLOYEE(ID)"; SQL statement:
insert into employee (first_name, last_name, id) values (?, ?, ?) [23505-197]
	at io.mehul.springTest.entity.EmployeeRepositoryTest.whenFindByFirstName_thenReturnEmployee(EmployeeRepositoryTest.java:33)

